{
    "testcase": {
        "section": "A.3",
        "description": "Tests valid syntax with filenames/command names containing special characters permitted by the grammar.",
        "cmds": [
            {
                "expect_exit": false,
                "skip_prompt_check": false,
                "cmd": "/usr/bin/gcc-11 src/main.o -o a.out",
                "sequential_outputs": [],
                "nonsequential_outputs": [
                    {
                        "text": "Invalid Syntax!",
                        "is_re": false,
                        "negative_match": true
                    }
                ],
                "ignore_output": true,
                "cwd_after": null
            }
        ],
        "timeout": 2.0,
        "strict_prompt": false,
        "requires_test_folder": false
    },
    "events": [
        {
            "time": "2025-11-30T05:46:16.600344+05:30",
            "type": "output",
            "details": "<osnuser@osntesting:~> "
        },
        {
            "time": "2025-11-30T05:46:16.600747+05:30",
            "type": "input",
            "details": "GenericCmd(expect_exit=False, skip_prompt_check=False, cmd='/usr/bin/gcc-11 src/main.o -o a.out', sequential_outputs=[], nonsequential_outputs=[Line(text='Invalid Syntax!', is_re=False, negative_match=True)], ignore_output=True, cwd_after=None)"
        },
        {
            "time": "2025-11-30T05:46:16.658921+05:30",
            "type": "output",
            "details": "/usr/bin/ld: cannot find src/main.o: No such file or directory"
        },
        {
            "time": "2025-11-30T05:46:16.659895+05:30",
            "type": "output",
            "details": "collect2: error: ld returned 1 exit status"
        },
        {
            "time": "2025-11-30T05:46:16.660503+05:30",
            "type": "output",
            "details": "<osnuser@osntesting:~> "
        }
    ],
    "raw_log": "##### START RAW OUTPUT #####\n<osnuser@osntesting:~> /usr/bin/gcc-11 src/main.o -o a.out\n/usr/bin/ld: cannot find src/main.o: No such file or directory\r\ncollect2: error: ld returned 1 exit status\r\n<osnuser@osntesting:~> ",
    "py_log": "2025-11-30 05:46:16,313 - tester.4451b61c-1d5e-4eb9-a081-ec44c6fb4bc6 - INFO - Spawned child:\n    <pexpect.pty_spawn.spawn object at 0x7984facd66c0>\n    command: /usr/bin/docker\n    args: [b'/usr/bin/docker', b'run', b'--name', b'tester_ca03167549264a1aabd2d7ed77f3ca14', b'-i', b'-t', b'--rm', b'--init', b'-h', b'osntesting', b'-v', b'/tmp/tmpubwzun7y:/app', b'-w', b'/app', b'shell_tester:latest', b'/app/shell.out']\n    buffer (last 100 chars): ''\n    before (last 100 chars): ''\n    after: None\n    match: None\n    match_index: None\n    exitstatus: None\n    flag_eof: False\n    pid: 3756089\n    child_fd: 210\n    closed: False\n    timeout: 2.0\n    delimiter: <class 'pexpect.exceptions.EOF'>\n    logfile: <tester.FlexibleIO object at 0x798518641480>\n    logfile_read: None\n    logfile_send: None\n    maxread: 2000\n    ignorecase: False\n    searchwindowsize: None\n    delaybeforesend: 0.05\n    delayafterclose: 0.1\n    delayafterterminate: 0.1\n2025-11-30 05:46:16,600 - tester.4451b61c-1d5e-4eb9-a081-ec44c6fb4bc6 - DEBUG - Received event:\n    {\n        \"time\": \"2025-11-30T05:46:16.600344+05:30\",\n        \"type\": \"output\",\n        \"details\": \"<osnuser@osntesting:~> \"\n    }\n2025-11-30 05:46:16,600 - tester.4451b61c-1d5e-4eb9-a081-ec44c6fb4bc6 - DEBUG - Received event:\n    {\n        \"time\": \"2025-11-30T05:46:16.600747+05:30\",\n        \"type\": \"input\",\n        \"details\": \"GenericCmd(expect_exit=False, skip_prompt_check=False, cmd='/usr/bin/gcc-11 src/main.o -o a.out', sequential_outputs=[], nonsequential_outputs=[Line(text='Invalid Syntax!', is_re=False, negative_match=True)], ignore_output=True, cwd_after=None)\"\n    }\n2025-11-30 05:46:16,659 - tester.4451b61c-1d5e-4eb9-a081-ec44c6fb4bc6 - DEBUG - Received event:\n    {\n        \"time\": \"2025-11-30T05:46:16.658921+05:30\",\n        \"type\": \"output\",\n        \"details\": \"/usr/bin/ld: cannot find src/main.o: No such file or directory\"\n    }\n2025-11-30 05:46:16,659 - tester.4451b61c-1d5e-4eb9-a081-ec44c6fb4bc6 - DEBUG - Received event:\n    {\n        \"time\": \"2025-11-30T05:46:16.659895+05:30\",\n        \"type\": \"output\",\n        \"details\": \"collect2: error: ld returned 1 exit status\"\n    }\n2025-11-30 05:46:16,660 - tester.4451b61c-1d5e-4eb9-a081-ec44c6fb4bc6 - DEBUG - Received event:\n    {\n        \"time\": \"2025-11-30T05:46:16.660503+05:30\",\n        \"type\": \"output\",\n        \"details\": \"<osnuser@osntesting:~> \"\n    }\n2025-11-30 05:46:17,065 - tester.4451b61c-1d5e-4eb9-a081-ec44c6fb4bc6 - INFO - Finished running testcase. Child info at exit:\n    <pexpect.pty_spawn.spawn object at 0x7984facd66c0>\n    command: /usr/bin/docker\n    args: [b'/usr/bin/docker', b'run', b'--name', b'tester_ca03167549264a1aabd2d7ed77f3ca14', b'-i', b'-t', b'--rm', b'--init', b'-h', b'osntesting', b'-v', b'/tmp/tmpubwzun7y:/app', b'-w', b'/app', b'shell_tester:latest', b'/app/shell.out']\n    buffer (last 100 chars): ''\n    before (last 100 chars): ''\n    after: '<osnuser@osntesting:~> '\n    match: <re.Match object; span=(0, 23), match='<osnuser@osntesting:~> '>\n    match_index: 0\n    exitstatus: 129\n    flag_eof: False\n    pid: 3756089\n    child_fd: -1\n    closed: True\n    timeout: 2.0\n    delimiter: <class 'pexpect.exceptions.EOF'>\n    logfile: <tester.FlexibleIO object at 0x798518641480>\n    logfile_read: None\n    logfile_send: None\n    maxread: 2000\n    ignorecase: False\n    searchwindowsize: None\n    delaybeforesend: 0.05\n    delayafterclose: 0.1\n    delayafterterminate: 0.1\n2025-11-30 05:46:17,065 - tester.4451b61c-1d5e-4eb9-a081-ec44c6fb4bc6 - INFO - Cleaned up temp_dir: /tmp/tmpubwzun7y\n"
}